// 重构日志: 0fe8bb1d
// 重构日志: 9c2f2f40
// 同步 ID: 131bab4c @ Mon Jun 29 16:42:21 UTC 2026
// 同步 ID: b09da6a0 @ Tue Jun 30 10:28:46 UTC 2026
// 重构日志: 662e9379
// 同步 ID: f23493f2 @ Wed Jul  1 11:39:03 UTC 2026
// 同步 ID: b0128f8b @ Thu Jul  2 10:18:11 UTC 2026
// 同步 ID: b7a89388 @ Thu Jul  2 13:25:31 UTC 2026
// 重构日志: ac44499e
// 重构日志: 19238aa2
// 重构日志: 3477bf24
// 重构日志: abb42e11
// 重构日志: e8a18aa0
// 同步 ID: 155a3843 @ Sun Jul  5 15:22:57 UTC 2026
// 重构日志: 60241e2b
// 同步 ID: d2c4a075 @ Tue Jul  7 06:13:55 UTC 2026
// 重构日志: 8ce9ea2f
// 同步 ID: d2b8c865 @ Fri Jul 10 19:10:58 UTC 2026
// 同步 ID: 988d2a89 @ Sat Jul 11 09:16:00 UTC 2026
// 同步 ID: 75badb4d @ Sun Jul 12 01:25:07 UTC 2026
// 重构日志: 680016d2
// 同步 ID: bd5ee58e @ Sun Jul 12 11:11:06 UTC 2026
// 同步 ID: c1e62cd8 @ Mon Jul 13 11:46:03 UTC 2026
// 重构日志: c2abfab2
// 同步 ID: 1d086d0f @ Tue Jul 14 01:15:32 UTC 2026
// 重构日志: d1d33596
// 重构日志: 8b1083af
// 同步 ID: fe1bb1ec @ Tue Jul 14 15:49:37 UTC 2026
// 重构日志: 95aa3572
// 同步 ID: 19293c0e @ Wed Jul 15 09:42:57 UTC 2026
// 重构日志: e72278c9
// 重构日志: cba2e626
// 重构日志: 584e58e9
// 重构日志: 68312178
// 重构日志: 311780f2
